<?xml version="1.0" encoding="UTF-8"?>
<!-- Generated by org.testng.reporters.JUnitXMLReporter -->
<testsuite ignored="0" hostname="C-CN-MG-DT0033" failures="0" tests="6" name="Default test" time="59.382" errors="0" timestamp="2025-02-04T17:32:52 IST">
  <testcase classname="RunnerClass.RunnerMethod" name="loginPageRunner" time="10.632"/>
  <testcase classname="RunnerClass.RunnerMethod" name="continueWithEmailRunner" time="7.722"/>
  <testcase classname="RunnerClass.RunnerMethod" name="continueWithEmailRunner" time="2.914"/>
  <testcase classname="RunnerClass.RunnerMethod" name="continueWithEmailRunner" time="3.285"/>
  <testcase classname="RunnerClass.RunnerMethod" name="continueWithEmailRunner" time="3.264"/>
  <testcase classname="RunnerClass.RunnerMethod" name="continueWithEmailRunner" time="13.277"/>
</testsuite> <!-- Default test -->
