<?xml version="1.0" encoding="UTF-8"?>
<!-- Generated by org.testng.reporters.JUnitXMLReporter -->
<testsuite ignored="0" hostname="C-CN-MG-DT0033" failures="0" tests="5" name="Default test" time="47.123" errors="0" timestamp="2025-01-29T19:21:33 IST">
  <testcase classname="RunnerClass.RunnerMethod" name="loginPageRunner" time="4.86"/>
  <testcase classname="RunnerClass.RunnerMethod" name="continueWithEmailRunner" time="8.688"/>
  <testcase classname="RunnerClass.RunnerMethod" name="continueWithEmailRunner" time="3.422"/>
  <testcase classname="RunnerClass.RunnerMethod" name="continueWithEmailRunner" time="4.08"/>
  <testcase classname="RunnerClass.RunnerMethod" name="continueWithEmailRunner" time="4.563"/>
</testsuite> <!-- Default test -->
