<?xml version="1.0" encoding="UTF-8"?>
<testng-results ignored="0" total="2" passed="2" failed="0" skipped="0">
  <reporter-output>
  </reporter-output>
  <suite started-at="2025-01-28T16:18:55 IST" name="Default suite" finished-at="2025-01-28T16:19:19 IST" duration-ms="23698">
    <groups>
      <group name="Regression">
        <method signature="RunnerMethod.loginPageRunner()[pri:0, instance:RunnerClass.RunnerMethod@59fd97a8]" name="loginPageRunner" class="RunnerClass.RunnerMethod"/>
      </group> <!-- Regression -->
    </groups>
    <test started-at="2025-01-28T16:18:55 IST" name="Default test" finished-at="2025-01-28T16:19:19 IST" duration-ms="23698">
      <class name="RunnerClass.RunnerMethod">
        <test-method is-config="true" signature="serverRunnerStart()[pri:0, instance:RunnerClass.RunnerMethod@59fd97a8]" started-at="2025-01-28T16:18:55 IST" name="serverRunnerStart" finished-at="2025-01-28T16:19:12 IST" duration-ms="16115" status="PASS">
          <reporter-output>
          </reporter-output>
        </test-method> <!-- serverRunnerStart -->
        <test-method signature="loginPageRunner()[pri:0, instance:RunnerClass.RunnerMethod@59fd97a8]" started-at="2025-01-28T16:19:12 IST" name="loginPageRunner" finished-at="2025-01-28T16:19:15 IST" duration-ms="3519" status="PASS">
          <reporter-output>
          </reporter-output>
        </test-method> <!-- loginPageRunner -->
        <test-method signature="continueWithEmailRunner()[pri:0, instance:RunnerClass.RunnerMethod@59fd97a8]" started-at="2025-01-28T16:19:15 IST" name="continueWithEmailRunner" finished-at="2025-01-28T16:19:19 IST" depends-on-methods="RunnerClass.RunnerMethod.loginPageRunner" duration-ms="3954" status="PASS">
          <reporter-output>
          </reporter-output>
        </test-method> <!-- continueWithEmailRunner -->
        <test-method is-config="true" signature="serverRunnerStop()[pri:0, instance:RunnerClass.RunnerMethod@59fd97a8]" started-at="2025-01-28T16:19:19 IST" name="serverRunnerStop" finished-at="2025-01-28T16:19:19 IST" duration-ms="6" status="PASS">
          <reporter-output>
          </reporter-output>
        </test-method> <!-- serverRunnerStop -->
      </class> <!-- RunnerClass.RunnerMethod -->
    </test> <!-- Default test -->
  </suite> <!-- Default suite -->
</testng-results>
