<?xml version="1.0" encoding="UTF-8"?>
<testng-results ignored="0" total="2" passed="2" failed="0" skipped="0">
  <reporter-output>
  </reporter-output>
  <suite started-at="2025-01-29T00:28:45 IST" name="Default suite" finished-at="2025-01-29T00:28:58 IST" duration-ms="12800">
    <groups>
      <group name="Regression">
        <method signature="RunnerMethod.loginPageRunner()[pri:0, instance:RunnerClass.RunnerMethod@6e0f5f7f]" name="loginPageRunner" class="RunnerClass.RunnerMethod"/>
      </group> <!-- Regression -->
    </groups>
    <test started-at="2025-01-29T00:28:45 IST" name="Default test" finished-at="2025-01-29T00:28:58 IST" duration-ms="12800">
      <class name="RunnerClass.RunnerMethod">
        <test-method is-config="true" signature="serverRunnerStart()[pri:0, instance:RunnerClass.RunnerMethod@6e0f5f7f]" started-at="2025-01-29T00:28:45 IST" name="serverRunnerStart" finished-at="2025-01-29T00:28:50 IST" duration-ms="4956" status="PASS">
          <reporter-output>
          </reporter-output>
        </test-method> <!-- serverRunnerStart -->
        <test-method signature="loginPageRunner()[pri:0, instance:RunnerClass.RunnerMethod@6e0f5f7f]" started-at="2025-01-29T00:28:50 IST" name="loginPageRunner" finished-at="2025-01-29T00:28:54 IST" duration-ms="3323" status="PASS">
          <reporter-output>
          </reporter-output>
        </test-method> <!-- loginPageRunner -->
        <test-method signature="continueWithEmailRunner()[pri:0, instance:RunnerClass.RunnerMethod@6e0f5f7f]" started-at="2025-01-29T00:28:54 IST" name="continueWithEmailRunner" finished-at="2025-01-29T00:28:58 IST" depends-on-methods="RunnerClass.RunnerMethod.loginPageRunner" duration-ms="4501" status="PASS">
          <reporter-output>
          </reporter-output>
        </test-method> <!-- continueWithEmailRunner -->
        <test-method is-config="true" signature="serverRunnerStop()[pri:0, instance:RunnerClass.RunnerMethod@6e0f5f7f]" started-at="2025-01-29T00:28:58 IST" name="serverRunnerStop" finished-at="2025-01-29T00:28:58 IST" duration-ms="2" status="PASS">
          <reporter-output>
          </reporter-output>
        </test-method> <!-- serverRunnerStop -->
      </class> <!-- RunnerClass.RunnerMethod -->
    </test> <!-- Default test -->
  </suite> <!-- Default suite -->
</testng-results>
